03:20:50: Creating resource group General
03:20:50: Creating resource group Internal
03:20:50: Creating resource group Autodetect
03:20:50: SceneManagerFactory for type 'DefaultSceneManager' registered.
03:20:50: Registering ResourceManager for type Material
03:20:50: Registering ResourceManager for type Mesh
03:20:50: Registering ResourceManager for type Skeleton
03:20:50: MovableObjectFactory for type 'ParticleSystem' registered.
03:20:50: OverlayElementFactory for type Panel registered.
03:20:50: OverlayElementFactory for type BorderPanel registered.
03:20:50: OverlayElementFactory for type TextArea registered.
03:20:50: Registering ResourceManager for type Font
03:20:50: ArchiveFactory for archive type FileSystem registered.
03:20:50: ArchiveFactory for archive type Zip registered.
03:20:50: FreeImage version: 3.10.0
03:20:50: This program uses FreeImage, a free, open source image library supporting all common bitmap formats. See http://freeimage.sourceforge.net for details
03:20:50: Supported formats: bmp,ico,jpg,jif,jpeg,jpe,jng,koa,iff,lbm,mng,pbm,pbm,pcd,pcx,pgm,pgm,png,ppm,ppm,ras,tga,targa,tif,tiff,wap,wbmp,wbm,psd,cut,xbm,xpm,gif,hdr,g3,sgi,exr,j2k,j2c,jp2
03:20:50: DDS codec registering
03:20:50: Registering ResourceManager for type HighLevelGpuProgram
03:20:50: Registering ResourceManager for type Compositor
03:20:50: MovableObjectFactory for type 'Entity' registered.
03:20:50: MovableObjectFactory for type 'Light' registered.
03:20:50: MovableObjectFactory for type 'BillboardSet' registered.
03:20:50: MovableObjectFactory for type 'ManualObject' registered.
03:20:50: MovableObjectFactory for type 'BillboardChain' registered.
03:20:50: MovableObjectFactory for type 'RibbonTrail' registered.
03:20:50: Loading library .\RenderSystem_Direct3D9
03:20:50: Installing plugin: D3D9 RenderSystem
03:20:50: D3D9 : Direct3D9 Rendering Subsystem created.
03:20:50: D3D9: Driver Detection Starts
03:20:50: D3D9: Driver Detection Ends
03:20:50: Plugin successfully installed
03:20:50: Loading library .\RenderSystem_GL
03:20:50: Installing plugin: GL RenderSystem
03:20:50: OpenGL Rendering Subsystem created.
03:20:51: Plugin successfully installed
03:20:51: Loading library .\Plugin_ParticleFX
03:20:51: Installing plugin: ParticleFX
03:20:51: Particle Emitter Type 'Point' registered
03:20:51: Particle Emitter Type 'Box' registered
03:20:51: Particle Emitter Type 'Ellipsoid' registered
03:20:51: Particle Emitter Type 'Cylinder' registered
03:20:51: Particle Emitter Type 'Ring' registered
03:20:51: Particle Emitter Type 'HollowEllipsoid' registered
03:20:51: Particle Affector Type 'LinearForce' registered
03:20:51: Particle Affector Type 'ColourFader' registered
03:20:51: Particle Affector Type 'ColourFader2' registered
03:20:51: Particle Affector Type 'ColourImage' registered
03:20:51: Particle Affector Type 'ColourInterpolator' registered
03:20:51: Particle Affector Type 'Scaler' registered
03:20:51: Particle Affector Type 'Rotator' registered
03:20:51: Particle Affector Type 'DirectionRandomiser' registered
03:20:51: Particle Affector Type 'DeflectorPlane' registered
03:20:51: Plugin successfully installed
03:20:51: Loading library .\Plugin_BSPSceneManager
03:20:51: Installing plugin: BSP Scene Manager
03:20:51: Plugin successfully installed
03:20:51: Loading library .\Plugin_OctreeSceneManager
03:20:51: Installing plugin: Octree & Terrain Scene Manager
03:20:51: Plugin successfully installed
03:20:51: Loading library .\Plugin_CgProgramManager
03:20:51: Installing plugin: Cg Program Manager
03:20:51: Plugin successfully installed
03:20:51: *-*-* OGRE Initialising
03:20:51: *-*-* Version 1.4.6 (Eihort)
03:20:51: OK1
03:20:51: Creating resource group Bootstrap
03:20:51: Added resource location '../../media/packs/OgreCore.zip' of type 'Zip' to resource group 'Bootstrap'
03:20:51: Added resource location '../../media' of type 'FileSystem' to resource group 'General'
03:20:51: Added resource location '../../media/fonts' of type 'FileSystem' to resource group 'General'
03:20:51: Added resource location '../../media/materials/programs' of type 'FileSystem' to resource group 'General'
03:20:51: Added resource location '../../media/materials/scripts' of type 'FileSystem' to resource group 'General'
03:20:51: Added resource location '../../media/materials/textures' of type 'FileSystem' to resource group 'General'
03:20:51: Added resource location '../../media/models' of type 'FileSystem' to resource group 'General'
03:20:51: Added resource location '../../media/overlays' of type 'FileSystem' to resource group 'General'
03:20:51: Added resource location '../../media/particle' of type 'FileSystem' to resource group 'General'
03:20:51: Added resource location '../../media/gui' of type 'FileSystem' to resource group 'General'
03:20:51: Added resource location '../../media/packs/cubemapsJS.zip' of type 'Zip' to resource group 'General'
03:20:51: Added resource location '../../media/packs/effects.zip' of type 'Zip' to resource group 'General'
03:20:51: Added resource location '../../media/packs/bguires.zip' of type 'Zip' to resource group 'General'
03:20:51: OK2
03:20:51: OGRE EXCEPTION(6:FileNotFoundException): 'ogre.cfg' file not found! in ConfigFile::load at ..\src\OgreConfigFile.cpp (line 84)
03:20:51: D3D9 : RenderSystem Option: Full Screen = Yes
03:20:51: D3D9 : RenderSystem Option: Video Mode = 800 x 600 @ 32-bit colour
03:20:51: CPU Identifier & Features
03:20:51: -------------------------
03:20:51:  *   CPU ID: GenuineIntel: Intel(R) Core(TM)2 CPU          6600  @ 2.40GHz
03:20:51:  *      SSE: yes
03:20:51:  *     SSE2: yes
03:20:51:  *     SSE3: yes
03:20:51:  *      MMX: yes
03:20:51:  *   MMXEXT: yes
03:20:51:  *    3DNOW: no
03:20:51:  * 3DNOWEXT: no
03:20:51:  *     CMOV: yes
03:20:51:  *      TSC: yes
03:20:51:  *      FPU: yes
03:20:51:  *      PRO: yes
03:20:51:  *       HT: no
03:20:51: -------------------------
03:20:51: D3D9 : Subsystem Initialising
03:20:51: D3D9RenderSystem::createRenderWindow "Wings Of Fury 2", 800x600 fullscreen  miscParams: FSAA=0 FSAAQuality=0 colourDepth=32 useNVPerfHUD=false vsync=true 
03:20:51: D3D9 : Created D3D9 Rendering Window 'Wings Of Fury 2' : 800x600, 32bpp
03:20:52: Registering ResourceManager for type Texture
03:20:52: Registering ResourceManager for type GpuProgram
03:20:52: D3D9: Vertex texture format supported - PF_FLOAT32_RGB
03:20:52: D3D9: Vertex texture format supported - PF_FLOAT32_RGBA
03:20:52: D3D9: Vertex texture format supported - PF_FLOAT32_R
03:20:52: RenderSystem capabilities
03:20:52: -------------------------
03:20:52:  * Hardware generation of mipmaps: yes
03:20:52:  * Texture blending: yes
03:20:52:  * Anisotropic texture filtering: yes
03:20:52:  * Dot product texture operation: yes
03:20:52:  * Cube mapping: yes
03:20:52:  * Hardware stencil buffer: yes
03:20:52:    - Stencil depth: 8
03:20:52:    - Two sided stencil support: yes
03:20:52:    - Wrap stencil values: yes
03:20:52:  * Hardware vertex / index buffers: yes
03:20:52:  * Vertex programs: yes
03:20:52:    - Max vertex program version: vs_3_0
03:20:52:  * Fragment programs: yes
03:20:52:    - Max fragment program version: ps_3_0
03:20:52:  * Texture Compression: yes
03:20:52:    - DXT: yes
03:20:52:    - VTC: no
03:20:52:  * Scissor Rectangle: yes
03:20:52:  * Hardware Occlusion Query: yes
03:20:52:  * User clip planes: yes
03:20:52:  * VET_UBYTE4 vertex element type: yes
03:20:52:  * Infinite far plane projection: yes
03:20:52:  * Hardware render-to-texture: yes
03:20:52:  * Floating point textures: yes
03:20:52:  * Non-power-of-two textures: yes
03:20:52:  * Volume textures: yes
03:20:52:  * Multiple Render Targets: 4
03:20:52:  * Point Sprites: yes
03:20:52:  * Extended point parameters: yes
03:20:52:  * Max Point Size: 8192
03:20:52:  * Vertex texture fetch: yes
03:20:52:    - Max vertex textures: 4
03:20:52:    - Vertex textures shared: no
03:20:52: ***************************************
03:20:52: *** D3D9 : Subsystem Initialised OK ***
03:20:52: ***************************************
03:20:52: ResourceBackgroundQueue - threading disabled
03:20:52: Particle Renderer Type 'billboard' registered
03:20:52: SceneManagerFactory for type 'BspSceneManager' registered.
03:20:52: Registering ResourceManager for type BspLevel
03:20:52: SceneManagerFactory for type 'OctreeSceneManager' registered.
03:20:52: SceneManagerFactory for type 'TerrainSceneManager' registered.
03:20:52: OK3
03:20:52: Creating viewport on target 'Wings Of Fury 2', rendering from camera 'MainCamera', relative dimensions L: 0.00 T: 0.00 W: 1.00 H: 1.00 ZOrder: 1
03:20:52: Viewport for camera 'MainCamera', actual dimensions L: 0 T: 0 W: 800 H: 600
03:20:52: Creating viewport on target 'Wings Of Fury 2', rendering from camera 'overlayCam', relative dimensions L: 0.00 T: 0.00 W: 1.00 H: 1.00 ZOrder: 2
03:20:52: Viewport for camera 'overlayCam', actual dimensions L: 0 T: 0 W: 800 H: 600
03:20:52: Parsing scripts for resource group Autodetect
03:20:52: Finished parsing scripts for resource group Autodetect
03:20:52: Parsing scripts for resource group Bootstrap
03:20:52: Parsing script OgreCore.material
03:20:52: Parsing script OgreProfiler.material
03:20:52: Parsing script Ogre.fontdef
03:20:52: Parsing script OgreDebugPanel.overlay
03:20:52: Texture: New_Ogre_Border_Center.png: Loading 1 faces(PF_A8R8G8B8,256x128x1) with  hardware generated mipmaps from Image. Internal format is PF_A8R8G8B8,256x128x1.
03:20:52: Texture: New_Ogre_Border.png: Loading 1 faces(PF_A8R8G8B8,256x256x1) with  hardware generated mipmaps from Image. Internal format is PF_A8R8G8B8,256x256x1.
03:20:52: Texture: New_Ogre_Border_Break.png: Loading 1 faces(PF_A8R8G8B8,32x32x1) with  hardware generated mipmaps from Image. Internal format is PF_A8R8G8B8,32x32x1.
03:20:52: Font BlueHighwayusing texture size 512x512
03:20:52: Info: Freetype returned null for character 127 in font BlueHighway
03:20:52: Info: Freetype returned null for character 128 in font BlueHighway
03:20:52: Info: Freetype returned null for character 129 in font BlueHighway
03:20:52: Info: Freetype returned null for character 130 in font BlueHighway
03:20:52: Info: Freetype returned null for character 131 in font BlueHighway
03:20:52: Info: Freetype returned null for character 132 in font BlueHighway
03:20:52: Info: Freetype returned null for character 133 in font BlueHighway
03:20:52: Info: Freetype returned null for character 134 in font BlueHighway
03:20:52: Info: Freetype returned null for character 135 in font BlueHighway
03:20:52: Info: Freetype returned null for character 136 in font BlueHighway
03:20:52: Info: Freetype returned null for character 137 in font BlueHighway
03:20:52: Info: Freetype returned null for character 138 in font BlueHighway
03:20:52: Info: Freetype returned null for character 139 in font BlueHighway
03:20:52: Info: Freetype returned null for character 140 in font BlueHighway
03:20:52: Info: Freetype returned null for character 141 in font BlueHighway
03:20:53: Info: Freetype returned null for character 142 in font BlueHighway
03:20:53: Info: Freetype returned null for character 143 in font BlueHighway
03:20:53: Info: Freetype returned null for character 144 in font BlueHighway
03:20:53: Info: Freetype returned null for character 145 in font BlueHighway
03:20:53: Info: Freetype returned null for character 146 in font BlueHighway
03:20:53: Info: Freetype returned null for character 147 in font BlueHighway
03:20:53: Info: Freetype returned null for character 148 in font BlueHighway
03:20:53: Info: Freetype returned null for character 149 in font BlueHighway
03:20:53: Info: Freetype returned null for character 150 in font BlueHighway
03:20:53: Info: Freetype returned null for character 151 in font BlueHighway
03:20:53: Info: Freetype returned null for character 152 in font BlueHighway
03:20:53: Info: Freetype returned null for character 153 in font BlueHighway
03:20:53: Info: Freetype returned null for character 154 in font BlueHighway
03:20:53: Info: Freetype returned null for character 155 in font BlueHighway
03:20:53: Info: Freetype returned null for character 156 in font BlueHighway
03:20:53: Info: Freetype returned null for character 157 in font BlueHighway
03:20:53: Info: Freetype returned null for character 158 in font BlueHighway
03:20:53: Info: Freetype returned null for character 159 in font BlueHighway
03:20:53: Info: Freetype returned null for character 160 in font BlueHighway
03:20:53: Texture: BlueHighwayTexture: Loading 1 faces(PF_BYTE_LA,512x512x1) with 0 generated mipmaps from Image. Internal format is PF_BYTE_LA,512x512x1.
03:20:53: Texture: ogretext.png: Loading 1 faces(PF_A8R8G8B8,256x128x1) with  hardware generated mipmaps from Image. Internal format is PF_A8R8G8B8,256x128x1.
03:20:53: Parsing script OgreLoadingPanel.overlay
03:20:53: Finished parsing scripts for resource group Bootstrap
03:20:53: Parsing scripts for resource group General
03:20:53: Parsing script Core.program
03:20:53: Parsing script StdQuad_vp.program
03:20:53: Parsing script !InitMaterials.material
03:20:53: Error in material FXTexture at line 25 of !InitMaterials.material: Unrecognised command: receive_shadows
03:20:53: Error in material FXTexture at line 26 of !InitMaterials.material: Unrecognised command: transparency_casts_shadows
03:20:53: Parsing script A6M.material
03:20:53: Parsing script barrel.material
03:20:53: Parsing script BlackAndWhite.material
03:20:53: Parsing script Bloom.material
03:20:53: Parsing script Bunkers.material
03:20:53: Parsing script Carrier.material
03:20:53: Parsing script Colours.material
03:20:53: Parsing script DepthShadowmap.material
03:20:53: Parsing script DOF.material
03:20:53: Parsing script Effects.material
03:20:53: Parsing script Embossed.material
03:20:53: Parsing script Example-DynTex.material
03:20:53: Parsing script Example.material
03:20:53: Parsing script Examples-Advanced.material
03:20:53: Parsing script Glass.material
03:20:53: Parsing script hdr.material
03:20:53: Parsing script HeatVision.material
03:20:54: Parsing script HUD.material
03:20:54: Parsing script instancing.material
03:20:54: Parsing script Invert.material
03:20:54: Parsing script Island.material
03:20:54: Parsing script JapanFlag.material
03:20:54: Parsing script Laplace.material
03:20:54: Parsing script Minimap.material
03:20:54: Parsing script Misc.material
03:20:54: Parsing script MotionBlur.material
03:20:54: Parsing script Ocean.material
03:20:54: Parsing script OffsetMapping.material
03:20:54: Parsing script OldMovie.material
03:20:54: Parsing script OldTV.material
03:20:54: Parsing script P47.material
03:20:54: Parsing script Posterize.material
03:20:54: Parsing script Rocket.material
03:20:54: Parsing script sandbags.material
03:20:54: Parsing script SharpenEdges.material
03:20:54: Parsing script Skies.material
03:20:54: Parsing script smoke.material
03:20:54: Parsing script SmokeTrail.material
03:20:54: Parsing script Soldiers.material
03:20:54: Parsing script SplashScreen.material
03:20:54: Parsing script Steel.material
03:20:54: Parsing script tent.material
03:20:54: Parsing script Tiling.material
03:20:54: Parsing script VarianceShadowmap.material
03:20:54: Parsing script Wheel.material
03:20:54: Parsing script XBumpMap.material
03:20:54: Parsing script bgui.material
03:20:54: Parsing script Examples.compositor
03:20:54: Parsing script wof.fontdef
03:20:54: Parsing script smoke.particle
03:20:54: Parsing script Wof.overlay
03:20:54: Texture: Loading1.jpg: Loading 1 faces(PF_R8G8B8,1010x661x1) with 5 generated mipmaps from Image. Internal format is PF_X8R8G8B8,1010x661x1.
03:20:54: Bad overlay attribute line: 'element TextArea(Wof/DebugText)' for overlay Wof/Debug
03:20:54: Bad overlay attribute line: '{' for overlay Wof/Debug
03:20:54: Bad overlay attribute line: 'metrics_mode relative' for overlay Wof/Debug
03:20:54: Bad overlay attribute line: 'left 0' for overlay Wof/Debug
03:20:54: Bad overlay attribute line: 'top 0' for overlay Wof/Debug
03:20:54: Bad overlay attribute line: 'width 1' for overlay Wof/Debug
03:20:54: Bad overlay attribute line: 'height 0.1' for overlay Wof/Debug
03:20:54: Bad overlay attribute line: 'font_name BlueHighway' for overlay Wof/Debug
03:20:54: Finished parsing scripts for resource group General
03:20:54: Parsing scripts for resource group Internal
03:20:54: Finished parsing scripts for resource group Internal
03:20:55: Font StarWarsusing texture size 512x512
03:20:55: Info: Freetype returned null for character 35 in font StarWars
03:20:55: Info: Freetype returned null for character 37 in font StarWars
03:20:55: Info: Freetype returned null for character 38 in font StarWars
03:20:55: Info: Freetype returned null for character 42 in font StarWars
03:20:55: Info: Freetype returned null for character 43 in font StarWars
03:20:55: Info: Freetype returned null for character 60 in font StarWars
03:20:55: Info: Freetype returned null for character 62 in font StarWars
03:20:55: Info: Freetype returned null for character 64 in font StarWars
03:20:55: Info: Freetype returned null for character 94 in font StarWars
03:20:55: Info: Freetype returned null for character 96 in font StarWars
03:20:55: Info: Freetype returned null for character 126 in font StarWars
03:20:55: Info: Freetype returned null for character 127 in font StarWars
03:20:55: Info: Freetype returned null for character 128 in font StarWars
03:20:55: Info: Freetype returned null for character 129 in font StarWars
03:20:55: Info: Freetype returned null for character 130 in font StarWars
03:20:55: Info: Freetype returned null for character 131 in font StarWars
03:20:55: Info: Freetype returned null for character 132 in font StarWars
03:20:55: Info: Freetype returned null for character 133 in font StarWars
03:20:55: Info: Freetype returned null for character 134 in font StarWars
03:20:55: Info: Freetype returned null for character 135 in font StarWars
03:20:55: Info: Freetype returned null for character 136 in font StarWars
03:20:55: Info: Freetype returned null for character 137 in font StarWars
03:20:55: Info: Freetype returned null for character 138 in font StarWars
03:20:55: Info: Freetype returned null for character 139 in font StarWars
03:20:55: Info: Freetype returned null for character 140 in font StarWars
03:20:55: Info: Freetype returned null for character 141 in font StarWars
03:20:55: Info: Freetype returned null for character 142 in font StarWars
03:20:55: Info: Freetype returned null for character 143 in font StarWars
03:20:55: Info: Freetype returned null for character 144 in font StarWars
03:20:55: Info: Freetype returned null for character 145 in font StarWars
03:20:55: Info: Freetype returned null for character 146 in font StarWars
03:20:55: Info: Freetype returned null for character 147 in font StarWars
03:20:55: Info: Freetype returned null for character 148 in font StarWars
03:20:55: Info: Freetype returned null for character 149 in font StarWars
03:20:55: Info: Freetype returned null for character 150 in font StarWars
03:20:55: Info: Freetype returned null for character 151 in font StarWars
03:20:55: Info: Freetype returned null for character 152 in font StarWars
03:20:55: Info: Freetype returned null for character 153 in font StarWars
03:20:55: Info: Freetype returned null for character 154 in font StarWars
03:20:55: Info: Freetype returned null for character 155 in font StarWars
03:20:55: Info: Freetype returned null for character 156 in font StarWars
03:20:55: Info: Freetype returned null for character 157 in font StarWars
03:20:55: Info: Freetype returned null for character 158 in font StarWars
03:20:55: Info: Freetype returned null for character 159 in font StarWars
03:20:55: Info: Freetype returned null for character 160 in font StarWars
03:20:55: Info: Freetype returned null for character 161 in font StarWars
03:20:55: Info: Freetype returned null for character 162 in font StarWars
03:20:55: Info: Freetype returned null for character 163 in font StarWars
03:20:55: Info: Freetype returned null for character 164 in font StarWars
03:20:55: Info: Freetype returned null for character 165 in font StarWars
03:20:55: Info: Freetype returned null for character 166 in font StarWars
03:20:55: Texture: StarWarsTexture: Loading 1 faces(PF_BYTE_LA,512x512x1) with 0 generated mipmaps from Image. Internal format is PF_BYTE_LA,512x512x1.
03:20:55: Texture: bgui.window.png: Loading 1 faces(PF_A8R8G8B8,128x128x1) with  hardware generated mipmaps from Image. Internal format is PF_A8R8G8B8,128x128x1.
03:20:55: Texture: bgui.button.png: Loading 1 faces(PF_R8G8B8,75x22x1) with 5 generated mipmaps from Image. Internal format is PF_X8R8G8B8,75x22x1.
03:20:55: Texture: bgui.button.active.png: Loading 1 faces(PF_R8G8B8,75x22x1) with 5 generated mipmaps from Image. Internal format is PF_X8R8G8B8,75x22x1.
03:20:55: Texture: morning_fr.jpg: Loading 1 faces(PF_R8G8B8,512x512x1) with  hardware generated mipmaps from Image. Internal format is PF_X8R8G8B8,512x512x1.
03:20:56: Texture: morning_bk.jpg: Loading 1 faces(PF_R8G8B8,512x512x1) with  hardware generated mipmaps from Image. Internal format is PF_X8R8G8B8,512x512x1.
03:20:56: Texture: morning_lf.jpg: Loading 1 faces(PF_R8G8B8,512x512x1) with  hardware generated mipmaps from Image. Internal format is PF_X8R8G8B8,512x512x1.
03:20:56: Texture: morning_rt.jpg: Loading 1 faces(PF_R8G8B8,512x512x1) with  hardware generated mipmaps from Image. Internal format is PF_X8R8G8B8,512x512x1.
03:20:56: Texture: morning_up.jpg: Loading 1 faces(PF_R8G8B8,512x512x1) with  hardware generated mipmaps from Image. Internal format is PF_X8R8G8B8,512x512x1.
03:20:56: Texture: morning_dn.jpg: Loading 1 faces(PF_R8G8B8,512x512x1) with  hardware generated mipmaps from Image. Internal format is PF_X8R8G8B8,512x512x1.
03:20:56: Texture: oldwood2.jpg: Loading 1 faces(PF_R8G8B8,256x256x1) with  hardware generated mipmaps from Image. Internal format is PF_X8R8G8B8,256x256x1.
03:20:56: Texture: oldwood2_destroyed.jpg: Loading 1 faces(PF_R8G8B8,512x512x1) with  hardware generated mipmaps from Image. Internal format is PF_X8R8G8B8,512x512x1.
03:20:56: Texture: concrete.jpg: Loading 1 faces(PF_R8G8B8,256x256x1) with  hardware generated mipmaps from Image. Internal format is PF_X8R8G8B8,256x256x1.
03:20:56: Texture: concrete_destroyed.jpg: Loading 1 faces(PF_R8G8B8,512x512x1) with  hardware generated mipmaps from Image. Internal format is PF_X8R8G8B8,512x512x1.
03:20:56: Texture: general.jpg: Loading 1 faces(PF_R8G8B8,256x256x1) with  hardware generated mipmaps from Image. Internal format is PF_X8R8G8B8,256x256x1.
03:20:56: Texture: soldier.jpg: Loading 1 faces(PF_R8G8B8,256x256x1) with  hardware generated mipmaps from Image. Internal format is PF_X8R8G8B8,256x256x1.
03:20:56: Texture: rocketBody.jpg: Loading 1 faces(PF_R8G8B8,256x256x1) with  hardware generated mipmaps from Image. Internal format is PF_X8R8G8B8,256x256x1.
03:20:56: Texture: explosion1_0.png: Loading 1 faces(PF_R8G8B8,64x64x1) with  hardware generated mipmaps from Image. Internal format is PF_X8R8G8B8,64x64x1.
03:20:56: Texture: explosion1_1.png: Loading 1 faces(PF_R8G8B8,64x64x1) with  hardware generated mipmaps from Image. Internal format is PF_X8R8G8B8,64x64x1.
03:20:56: Texture: explosion1_2.png: Loading 1 faces(PF_R8G8B8,64x64x1) with  hardware generated mipmaps from Image. Internal format is PF_X8R8G8B8,64x64x1.
03:20:56: Texture: explosion1_3.png: Loading 1 faces(PF_R8G8B8,64x64x1) with  hardware generated mipmaps from Image. Internal format is PF_X8R8G8B8,64x64x1.
03:20:56: Texture: explosion1_4.png: Loading 1 faces(PF_R8G8B8,64x64x1) with  hardware generated mipmaps from Image. Internal format is PF_X8R8G8B8,64x64x1.
03:20:56: Texture: explosion1_5.png: Loading 1 faces(PF_R8G8B8,64x64x1) with  hardware generated mipmaps from Image. Internal format is PF_X8R8G8B8,64x64x1.
03:20:56: Texture: explosion1_6.png: Loading 1 faces(PF_R8G8B8,64x64x1) with  hardware generated mipmaps from Image. Internal format is PF_X8R8G8B8,64x64x1.
03:20:56: Texture: explosion1_7.png: Loading 1 faces(PF_R8G8B8,64x64x1) with  hardware generated mipmaps from Image. Internal format is PF_X8R8G8B8,64x64x1.
03:20:56: Texture: explosion1_8.png: Loading 1 faces(PF_R8G8B8,64x64x1) with  hardware generated mipmaps from Image. Internal format is PF_X8R8G8B8,64x64x1.
03:20:56: Texture: explosion1_9.png: Loading 1 faces(PF_R8G8B8,64x64x1) with  hardware generated mipmaps from Image. Internal format is PF_X8R8G8B8,64x64x1.
03:20:56: Texture: explosion1_10.png: Loading 1 faces(PF_R8G8B8,64x64x1) with  hardware generated mipmaps from Image. Internal format is PF_X8R8G8B8,64x64x1.
03:20:56: Texture: explosion1_11.png: Loading 1 faces(PF_R8G8B8,64x64x1) with  hardware generated mipmaps from Image. Internal format is PF_X8R8G8B8,64x64x1.
03:20:56: Texture: explosion1_12.png: Loading 1 faces(PF_R8G8B8,64x64x1) with  hardware generated mipmaps from Image. Internal format is PF_X8R8G8B8,64x64x1.
03:20:56: Texture: explosion1_13.png: Loading 1 faces(PF_R8G8B8,64x64x1) with  hardware generated mipmaps from Image. Internal format is PF_X8R8G8B8,64x64x1.
03:20:56: Texture: explosion1_14.png: Loading 1 faces(PF_R8G8B8,64x64x1) with  hardware generated mipmaps from Image. Internal format is PF_X8R8G8B8,64x64x1.
03:20:56: Texture: explosion1_15.png: Loading 1 faces(PF_R8G8B8,64x64x1) with  hardware generated mipmaps from Image. Internal format is PF_X8R8G8B8,64x64x1.
03:20:56: Texture: explosion2_0.png: Loading 1 faces(PF_R8G8B8,128x96x1) with 5 generated mipmaps from Image. Internal format is PF_X8R8G8B8,128x96x1.
03:20:56: Texture: explosion2_1.png: Loading 1 faces(PF_R8G8B8,128x96x1) with 5 generated mipmaps from Image. Internal format is PF_X8R8G8B8,128x96x1.
03:20:56: Texture: explosion2_2.png: Loading 1 faces(PF_R8G8B8,128x96x1) with 5 generated mipmaps from Image. Internal format is PF_X8R8G8B8,128x96x1.
03:20:56: Texture: explosion2_3.png: Loading 1 faces(PF_R8G8B8,128x96x1) with 5 generated mipmaps from Image. Internal format is PF_X8R8G8B8,128x96x1.
03:20:56: Texture: explosion2_4.png: Loading 1 faces(PF_R8G8B8,128x96x1) with 5 generated mipmaps from Image. Internal format is PF_X8R8G8B8,128x96x1.
03:20:56: Texture: explosion2_5.png: Loading 1 faces(PF_R8G8B8,128x96x1) with 5 generated mipmaps from Image. Internal format is PF_X8R8G8B8,128x96x1.
03:20:57: Texture: explosion2_6.png: Loading 1 faces(PF_R8G8B8,128x96x1) with 5 generated mipmaps from Image. Internal format is PF_X8R8G8B8,128x96x1.
03:20:57: Texture: explosion2_7.png: Loading 1 faces(PF_R8G8B8,128x96x1) with 5 generated mipmaps from Image. Internal format is PF_X8R8G8B8,128x96x1.
03:20:57: Texture: explosion2_8.png: Loading 1 faces(PF_R8G8B8,128x96x1) with 5 generated mipmaps from Image. Internal format is PF_X8R8G8B8,128x96x1.
03:20:57: Texture: explosion2_9.png: Loading 1 faces(PF_R8G8B8,128x96x1) with 5 generated mipmaps from Image. Internal format is PF_X8R8G8B8,128x96x1.
03:20:57: Texture: explosion2_10.png: Loading 1 faces(PF_R8G8B8,128x96x1) with 5 generated mipmaps from Image. Internal format is PF_X8R8G8B8,128x96x1.
03:20:57: Texture: explosion2_11.png: Loading 1 faces(PF_R8G8B8,128x96x1) with 5 generated mipmaps from Image. Internal format is PF_X8R8G8B8,128x96x1.
03:20:57: Texture: explosion2_12.png: Loading 1 faces(PF_R8G8B8,128x96x1) with 5 generated mipmaps from Image. Internal format is PF_X8R8G8B8,128x96x1.
03:20:57: Texture: explosion2_13.png: Loading 1 faces(PF_R8G8B8,128x96x1) with 5 generated mipmaps from Image. Internal format is PF_X8R8G8B8,128x96x1.
03:20:57: Texture: explosion2_14.png: Loading 1 faces(PF_R8G8B8,128x96x1) with 5 generated mipmaps from Image. Internal format is PF_X8R8G8B8,128x96x1.
03:20:57: Texture: explosion2_15.png: Loading 1 faces(PF_R8G8B8,128x96x1) with 5 generated mipmaps from Image. Internal format is PF_X8R8G8B8,128x96x1.
03:20:57: Texture: explosion2_16.png: Loading 1 faces(PF_R8G8B8,128x96x1) with 5 generated mipmaps from Image. Internal format is PF_X8R8G8B8,128x96x1.
03:20:57: Texture: explosion2_17.png: Loading 1 faces(PF_R8G8B8,128x96x1) with 5 generated mipmaps from Image. Internal format is PF_X8R8G8B8,128x96x1.
03:20:57: Texture: explosion2_18.png: Loading 1 faces(PF_R8G8B8,128x96x1) with 5 generated mipmaps from Image. Internal format is PF_X8R8G8B8,128x96x1.
03:20:57: Texture: WaterImpact_0.png: Loading 1 faces(PF_A8R8G8B8,128x128x1) with  hardware generated mipmaps from Image. Internal format is PF_A8R8G8B8,128x128x1.
03:20:57: Texture: WaterImpact_1.png: Loading 1 faces(PF_A8R8G8B8,128x128x1) with  hardware generated mipmaps from Image. Internal format is PF_A8R8G8B8,128x128x1.
03:20:57: Texture: WaterImpact_2.png: Loading 1 faces(PF_A8R8G8B8,128x128x1) with  hardware generated mipmaps from Image. Internal format is PF_A8R8G8B8,128x128x1.
03:20:57: Texture: WaterImpact_3.png: Loading 1 faces(PF_A8R8G8B8,128x128x1) with  hardware generated mipmaps from Image. Internal format is PF_A8R8G8B8,128x128x1.
03:20:57: Texture: WaterImpact_4.png: Loading 1 faces(PF_A8R8G8B8,128x128x1) with  hardware generated mipmaps from Image. Internal format is PF_A8R8G8B8,128x128x1.
03:20:57: Texture: WaterImpact_5.png: Loading 1 faces(PF_A8R8G8B8,128x128x1) with  hardware generated mipmaps from Image. Internal format is PF_A8R8G8B8,128x128x1.
03:20:57: Texture: WaterImpact_6.png: Loading 1 faces(PF_A8R8G8B8,128x128x1) with  hardware generated mipmaps from Image. Internal format is PF_A8R8G8B8,128x128x1.
03:20:57: Texture: WaterImpact_7.png: Loading 1 faces(PF_A8R8G8B8,128x128x1) with  hardware generated mipmaps from Image. Internal format is PF_A8R8G8B8,128x128x1.
03:20:57: Texture: WaterImpact_8.png: Loading 1 faces(PF_A8R8G8B8,128x128x1) with  hardware generated mipmaps from Image. Internal format is PF_A8R8G8B8,128x128x1.
03:20:57: Texture: WaterImpact2_0.png: Loading 1 faces(PF_A8R8G8B8,128x128x1) with  hardware generated mipmaps from Image. Internal format is PF_A8R8G8B8,128x128x1.
03:20:57: Texture: WaterImpact2_1.png: Loading 1 faces(PF_A8R8G8B8,128x128x1) with  hardware generated mipmaps from Image. Internal format is PF_A8R8G8B8,128x128x1.
03:20:57: Texture: WaterImpact2_2.png: Loading 1 faces(PF_A8R8G8B8,128x128x1) with  hardware generated mipmaps from Image. Internal format is PF_A8R8G8B8,128x128x1.
03:20:57: Texture: WaterImpact2_3.png: Loading 1 faces(PF_A8R8G8B8,128x128x1) with  hardware generated mipmaps from Image. Internal format is PF_A8R8G8B8,128x128x1.
03:20:57: Texture: WaterImpact2_4.png: Loading 1 faces(PF_A8R8G8B8,128x128x1) with  hardware generated mipmaps from Image. Internal format is PF_A8R8G8B8,128x128x1.
03:20:57: Texture: WaterImpact2_5.png: Loading 1 faces(PF_A8R8G8B8,128x128x1) with  hardware generated mipmaps from Image. Internal format is PF_A8R8G8B8,128x128x1.
03:20:57: Texture: WaterImpact2_6.png: Loading 1 faces(PF_A8R8G8B8,128x128x1) with  hardware generated mipmaps from Image. Internal format is PF_A8R8G8B8,128x128x1.
03:20:57: Texture: WaterImpact2_7.png: Loading 1 faces(PF_A8R8G8B8,128x128x1) with  hardware generated mipmaps from Image. Internal format is PF_A8R8G8B8,128x128x1.
03:20:57: Texture: WaterImpact2_8.png: Loading 1 faces(PF_A8R8G8B8,128x128x1) with  hardware generated mipmaps from Image. Internal format is PF_A8R8G8B8,128x128x1.
03:20:57: Texture: WaterImpact2_9.png: Loading 1 faces(PF_A8R8G8B8,128x128x1) with  hardware generated mipmaps from Image. Internal format is PF_A8R8G8B8,128x128x1.
03:20:57: Texture: DirtImpact_0.png: Loading 1 faces(PF_A8R8G8B8,128x128x1) with  hardware generated mipmaps from Image. Internal format is PF_A8R8G8B8,128x128x1.
03:20:57: Texture: DirtImpact_1.png: Loading 1 faces(PF_A8R8G8B8,128x128x1) with  hardware generated mipmaps from Image. Internal format is PF_A8R8G8B8,128x128x1.
03:20:58: Texture: DirtImpact_2.png: Loading 1 faces(PF_A8R8G8B8,128x128x1) with  hardware generated mipmaps from Image. Internal format is PF_A8R8G8B8,128x128x1.
03:20:58: Texture: DirtImpact_3.png: Loading 1 faces(PF_A8R8G8B8,128x128x1) with  hardware generated mipmaps from Image. Internal format is PF_A8R8G8B8,128x128x1.
03:20:58: Texture: DirtImpact_4.png: Loading 1 faces(PF_A8R8G8B8,128x128x1) with  hardware generated mipmaps from Image. Internal format is PF_A8R8G8B8,128x128x1.
03:20:58: Texture: DirtImpact_5.png: Loading 1 faces(PF_A8R8G8B8,128x128x1) with  hardware generated mipmaps from Image. Internal format is PF_A8R8G8B8,128x128x1.
03:20:58: Texture: DirtImpact_6.png: Loading 1 faces(PF_A8R8G8B8,128x128x1) with  hardware generated mipmaps from Image. Internal format is PF_A8R8G8B8,128x128x1.
03:20:58: Texture: DirtImpact_7.png: Loading 1 faces(PF_A8R8G8B8,128x128x1) with  hardware generated mipmaps from Image. Internal format is PF_A8R8G8B8,128x128x1.
03:20:58: Texture: DirtImpact_8.png: Loading 1 faces(PF_A8R8G8B8,128x128x1) with  hardware generated mipmaps from Image. Internal format is PF_A8R8G8B8,128x128x1.
03:20:58: Texture: DirtImpact_9.png: Loading 1 faces(PF_A8R8G8B8,128x128x1) with  hardware generated mipmaps from Image. Internal format is PF_A8R8G8B8,128x128x1.
03:20:58: Texture: DirtImpact_10.png: Loading 1 faces(PF_A8R8G8B8,128x128x1) with  hardware generated mipmaps from Image. Internal format is PF_A8R8G8B8,128x128x1.
03:20:58: Texture: DirtImpact_11.png: Loading 1 faces(PF_A8R8G8B8,128x128x1) with  hardware generated mipmaps from Image. Internal format is PF_A8R8G8B8,128x128x1.
03:20:58: Texture: DirtImpact_12.png: Loading 1 faces(PF_A8R8G8B8,128x128x1) with  hardware generated mipmaps from Image. Internal format is PF_A8R8G8B8,128x128x1.
03:20:58: Texture: DirtImpact_13.png: Loading 1 faces(PF_A8R8G8B8,128x128x1) with  hardware generated mipmaps from Image. Internal format is PF_A8R8G8B8,128x128x1.
03:20:58: Texture: DirtImpact_14.png: Loading 1 faces(PF_A8R8G8B8,128x128x1) with  hardware generated mipmaps from Image. Internal format is PF_A8R8G8B8,128x128x1.
03:20:58: Texture: DirtImpact_15.png: Loading 1 faces(PF_A8R8G8B8,128x128x1) with  hardware generated mipmaps from Image. Internal format is PF_A8R8G8B8,128x128x1.
03:20:58: Texture: DirtImpact_16.png: Loading 1 faces(PF_A8R8G8B8,128x128x1) with  hardware generated mipmaps from Image. Internal format is PF_A8R8G8B8,128x128x1.
03:20:58: Texture: DirtImpact_17.png: Loading 1 faces(PF_A8R8G8B8,128x128x1) with  hardware generated mipmaps from Image. Internal format is PF_A8R8G8B8,128x128x1.
03:20:58: Texture: DirtImpact_18.png: Loading 1 faces(PF_A8R8G8B8,128x128x1) with  hardware generated mipmaps from Image. Internal format is PF_A8R8G8B8,128x128x1.
03:20:58: Texture: DirtImpact_19.png: Loading 1 faces(PF_A8R8G8B8,128x128x1) with  hardware generated mipmaps from Image. Internal format is PF_A8R8G8B8,128x128x1.
03:20:58: Texture: DirtImpact_20.png: Loading 1 faces(PF_A8R8G8B8,128x128x1) with  hardware generated mipmaps from Image. Internal format is PF_A8R8G8B8,128x128x1.
03:20:58: Texture: Fire_0.png: Loading 1 faces(PF_A8R8G8B8,64x64x1) with  hardware generated mipmaps from Image. Internal format is PF_A8R8G8B8,64x64x1.
03:20:58: Texture: Fire_1.png: Loading 1 faces(PF_A8R8G8B8,64x64x1) with  hardware generated mipmaps from Image. Internal format is PF_A8R8G8B8,64x64x1.
03:20:58: Texture: Fire_2.png: Loading 1 faces(PF_A8R8G8B8,64x64x1) with  hardware generated mipmaps from Image. Internal format is PF_A8R8G8B8,64x64x1.
03:20:58: Texture: Fire_3.png: Loading 1 faces(PF_A8R8G8B8,64x64x1) with  hardware generated mipmaps from Image. Internal format is PF_A8R8G8B8,64x64x1.
03:20:58: Texture: Fire_4.png: Loading 1 faces(PF_A8R8G8B8,64x64x1) with  hardware generated mipmaps from Image. Internal format is PF_A8R8G8B8,64x64x1.
03:20:58: Texture: Fire_5.png: Loading 1 faces(PF_A8R8G8B8,64x64x1) with  hardware generated mipmaps from Image. Internal format is PF_A8R8G8B8,64x64x1.
03:20:58: Texture: Fire_6.png: Loading 1 faces(PF_A8R8G8B8,64x64x1) with  hardware generated mipmaps from Image. Internal format is PF_A8R8G8B8,64x64x1.
03:20:58: Texture: Fire_7.png: Loading 1 faces(PF_A8R8G8B8,64x64x1) with  hardware generated mipmaps from Image. Internal format is PF_A8R8G8B8,64x64x1.
03:20:58: Texture: Fire_8.png: Loading 1 faces(PF_A8R8G8B8,64x64x1) with  hardware generated mipmaps from Image. Internal format is PF_A8R8G8B8,64x64x1.
03:20:58: Texture: Fire_9.png: Loading 1 faces(PF_A8R8G8B8,64x64x1) with  hardware generated mipmaps from Image. Internal format is PF_A8R8G8B8,64x64x1.
03:20:58: Texture: Fire_10.png: Loading 1 faces(PF_A8R8G8B8,64x64x1) with  hardware generated mipmaps from Image. Internal format is PF_A8R8G8B8,64x64x1.
03:20:58: Texture: PlaneCrash_0.png: Loading 1 faces(PF_A8R8G8B8,256x256x1) with  hardware generated mipmaps from Image. Internal format is PF_A8R8G8B8,256x256x1.
03:20:58: Texture: PlaneCrash_1.png: Loading 1 faces(PF_A8R8G8B8,256x256x1) with  hardware generated mipmaps from Image. Internal format is PF_A8R8G8B8,256x256x1.
03:20:58: Texture: PlaneCrash_2.png: Loading 1 faces(PF_A8R8G8B8,256x256x1) with  hardware generated mipmaps from Image. Internal format is PF_A8R8G8B8,256x256x1.
03:20:58: Texture: PlaneCrash_3.png: Loading 1 faces(PF_A8R8G8B8,256x256x1) with  hardware generated mipmaps from Image. Internal format is PF_A8R8G8B8,256x256x1.
03:20:59: Texture: PlaneCrash_4.png: Loading 1 faces(PF_A8R8G8B8,256x256x1) with  hardware generated mipmaps from Image. Internal format is PF_A8R8G8B8,256x256x1.
03:20:59: Texture: PlaneCrash_5.png: Loading 1 faces(PF_A8R8G8B8,256x256x1) with  hardware generated mipmaps from Image. Internal format is PF_A8R8G8B8,256x256x1.
03:20:59: Texture: PlaneCrash_6.png: Loading 1 faces(PF_A8R8G8B8,256x256x1) with  hardware generated mipmaps from Image. Internal format is PF_A8R8G8B8,256x256x1.
03:20:59: Texture: PlaneCrash_7.png: Loading 1 faces(PF_A8R8G8B8,256x256x1) with  hardware generated mipmaps from Image. Internal format is PF_A8R8G8B8,256x256x1.
03:20:59: Texture: PlaneCrash_8.png: Loading 1 faces(PF_A8R8G8B8,256x256x1) with  hardware generated mipmaps from Image. Internal format is PF_A8R8G8B8,256x256x1.
03:20:59: Texture: PlaneCrash_9.png: Loading 1 faces(PF_A8R8G8B8,256x256x1) with  hardware generated mipmaps from Image. Internal format is PF_A8R8G8B8,256x256x1.
03:20:59: Texture: PlaneCrash_10.png: Loading 1 faces(PF_A8R8G8B8,256x256x1) with  hardware generated mipmaps from Image. Internal format is PF_A8R8G8B8,256x256x1.
03:20:59: Texture: PlaneCrash_11.png: Loading 1 faces(PF_A8R8G8B8,256x256x1) with  hardware generated mipmaps from Image. Internal format is PF_A8R8G8B8,256x256x1.
03:20:59: Texture: PlaneCrash_12.png: Loading 1 faces(PF_A8R8G8B8,256x256x1) with  hardware generated mipmaps from Image. Internal format is PF_A8R8G8B8,256x256x1.
03:20:59: Texture: PlaneCrash_13.png: Loading 1 faces(PF_A8R8G8B8,256x256x1) with  hardware generated mipmaps from Image. Internal format is PF_A8R8G8B8,256x256x1.
03:20:59: Texture: PlaneCrash_14.png: Loading 1 faces(PF_A8R8G8B8,256x256x1) with  hardware generated mipmaps from Image. Internal format is PF_A8R8G8B8,256x256x1.
03:20:59: Texture: PlaneCrash_15.png: Loading 1 faces(PF_A8R8G8B8,256x256x1) with  hardware generated mipmaps from Image. Internal format is PF_A8R8G8B8,256x256x1.
03:20:59: Texture: PlaneCrash_16.png: Loading 1 faces(PF_A8R8G8B8,256x256x1) with  hardware generated mipmaps from Image. Internal format is PF_A8R8G8B8,256x256x1.
03:20:59: Texture: GunHit_0.png: Loading 1 faces(PF_R8G8B8,64x64x1) with  hardware generated mipmaps from Image. Internal format is PF_X8R8G8B8,64x64x1.
03:20:59: Texture: GunHit_1.png: Loading 1 faces(PF_R8G8B8,64x64x1) with  hardware generated mipmaps from Image. Internal format is PF_X8R8G8B8,64x64x1.
03:20:59: Texture: GunHit_2.png: Loading 1 faces(PF_R8G8B8,64x64x1) with  hardware generated mipmaps from Image. Internal format is PF_X8R8G8B8,64x64x1.
03:20:59: Texture: GunHit_3.png: Loading 1 faces(PF_R8G8B8,64x64x1) with  hardware generated mipmaps from Image. Internal format is PF_X8R8G8B8,64x64x1.
03:20:59: Texture: GunHit_4.png: Loading 1 faces(PF_R8G8B8,64x64x1) with  hardware generated mipmaps from Image. Internal format is PF_X8R8G8B8,64x64x1.
03:20:59: Texture: Submerge_0.png: Loading 1 faces(PF_R8G8B8,256x256x1) with  hardware generated mipmaps from Image. Internal format is PF_X8R8G8B8,256x256x1.
03:20:59: Texture: Submerge_1.png: Loading 1 faces(PF_R8G8B8,256x256x1) with  hardware generated mipmaps from Image. Internal format is PF_X8R8G8B8,256x256x1.
03:20:59: Texture: Submerge_2.png: Loading 1 faces(PF_R8G8B8,256x256x1) with  hardware generated mipmaps from Image. Internal format is PF_X8R8G8B8,256x256x1.
03:20:59: Texture: Submerge_3.png: Loading 1 faces(PF_R8G8B8,256x256x1) with  hardware generated mipmaps from Image. Internal format is PF_X8R8G8B8,256x256x1.
03:20:59: Texture: Submerge_4.png: Loading 1 faces(PF_R8G8B8,256x256x1) with  hardware generated mipmaps from Image. Internal format is PF_X8R8G8B8,256x256x1.
03:20:59: Texture: Submerge_5.png: Loading 1 faces(PF_R8G8B8,256x256x1) with  hardware generated mipmaps from Image. Internal format is PF_X8R8G8B8,256x256x1.
03:20:59: Texture: Submerge_6.png: Loading 1 faces(PF_R8G8B8,256x256x1) with  hardware generated mipmaps from Image. Internal format is PF_X8R8G8B8,256x256x1.
03:20:59: Texture: Submerge_7.png: Loading 1 faces(PF_R8G8B8,256x256x1) with  hardware generated mipmaps from Image. Internal format is PF_X8R8G8B8,256x256x1.
03:20:59: Texture: Submerge_8.png: Loading 1 faces(PF_R8G8B8,256x256x1) with  hardware generated mipmaps from Image. Internal format is PF_X8R8G8B8,256x256x1.
03:20:59: Texture: Submerge_9.png: Loading 1 faces(PF_R8G8B8,256x256x1) with  hardware generated mipmaps from Image. Internal format is PF_X8R8G8B8,256x256x1.
03:20:59: Texture: Submerge_10.png: Loading 1 faces(PF_R8G8B8,256x256x1) with  hardware generated mipmaps from Image. Internal format is PF_X8R8G8B8,256x256x1.
03:20:59: Texture: Submerge_11.png: Loading 1 faces(PF_R8G8B8,256x256x1) with  hardware generated mipmaps from Image. Internal format is PF_X8R8G8B8,256x256x1.
03:20:59: Texture: Submerge_12.png: Loading 1 faces(PF_R8G8B8,256x256x1) with  hardware generated mipmaps from Image. Internal format is PF_X8R8G8B8,256x256x1.
03:20:59: Texture: Submerge_13.png: Loading 1 faces(PF_R8G8B8,256x256x1) with  hardware generated mipmaps from Image. Internal format is PF_X8R8G8B8,256x256x1.
03:20:59: Texture: Submerge_14.png: Loading 1 faces(PF_R8G8B8,256x256x1) with  hardware generated mipmaps from Image. Internal format is PF_X8R8G8B8,256x256x1.
03:20:59: Texture: Submerge_15.png: Loading 1 faces(PF_R8G8B8,256x256x1) with  hardware generated mipmaps from Image. Internal format is PF_X8R8G8B8,256x256x1.
03:21:00: Texture: Submerge_16.png: Loading 1 faces(PF_R8G8B8,256x256x1) with  hardware generated mipmaps from Image. Internal format is PF_X8R8G8B8,256x256x1.
03:21:00: Texture: SubmergeAB_0.png: Loading 1 faces(PF_A8R8G8B8,128x128x1) with  hardware generated mipmaps from Image. Internal format is PF_A8R8G8B8,128x128x1.
03:21:00: Texture: SubmergeAB_1.png: Loading 1 faces(PF_A8R8G8B8,128x128x1) with  hardware generated mipmaps from Image. Internal format is PF_A8R8G8B8,128x128x1.
03:21:00: Texture: SubmergeAB_2.png: Loading 1 faces(PF_A8R8G8B8,128x128x1) with  hardware generated mipmaps from Image. Internal format is PF_A8R8G8B8,128x128x1.
03:21:00: Texture: SubmergeAB_3.png: Loading 1 faces(PF_A8R8G8B8,128x128x1) with  hardware generated mipmaps from Image. Internal format is PF_A8R8G8B8,128x128x1.
03:21:00: Texture: SubmergeAB_4.png: Loading 1 faces(PF_A8R8G8B8,128x128x1) with  hardware generated mipmaps from Image. Internal format is PF_A8R8G8B8,128x128x1.
03:21:00: Texture: SubmergeAB_5.png: Loading 1 faces(PF_A8R8G8B8,128x128x1) with  hardware generated mipmaps from Image. Internal format is PF_A8R8G8B8,128x128x1.
03:21:00: Texture: SubmergeAB_6.png: Loading 1 faces(PF_A8R8G8B8,128x128x1) with  hardware generated mipmaps from Image. Internal format is PF_A8R8G8B8,128x128x1.
03:21:00: Texture: SubmergeAB_7.png: Loading 1 faces(PF_A8R8G8B8,128x128x1) with  hardware generated mipmaps from Image. Internal format is PF_A8R8G8B8,128x128x1.
03:21:00: Texture: SubmergeAB_8.png: Loading 1 faces(PF_A8R8G8B8,128x128x1) with  hardware generated mipmaps from Image. Internal format is PF_A8R8G8B8,128x128x1.
03:21:00: Texture: SubmergeAB_9.png: Loading 1 faces(PF_A8R8G8B8,128x128x1) with  hardware generated mipmaps from Image. Internal format is PF_A8R8G8B8,128x128x1.
03:21:00: Texture: SubmergeAB_10.png: Loading 1 faces(PF_A8R8G8B8,128x128x1) with  hardware generated mipmaps from Image. Internal format is PF_A8R8G8B8,128x128x1.
03:21:00: Texture: SubmergeAB_11.png: Loading 1 faces(PF_A8R8G8B8,128x128x1) with  hardware generated mipmaps from Image. Internal format is PF_A8R8G8B8,128x128x1.
03:21:00: Texture: SubmergeAB_12.png: Loading 1 faces(PF_A8R8G8B8,128x128x1) with  hardware generated mipmaps from Image. Internal format is PF_A8R8G8B8,128x128x1.
03:21:00: Texture: SubmergeAB_13.png: Loading 1 faces(PF_A8R8G8B8,128x128x1) with  hardware generated mipmaps from Image. Internal format is PF_A8R8G8B8,128x128x1.
03:21:00: Texture: Seagull_0.png: Loading 1 faces(PF_A8R8G8B8,256x256x1) with  hardware generated mipmaps from Image. Internal format is PF_A8R8G8B8,256x256x1.
03:21:00: Texture: Seagull_1.png: Loading 1 faces(PF_A8R8G8B8,256x256x1) with  hardware generated mipmaps from Image. Internal format is PF_A8R8G8B8,256x256x1.
03:21:00: Texture: Seagull_2.png: Loading 1 faces(PF_A8R8G8B8,256x256x1) with  hardware generated mipmaps from Image. Internal format is PF_A8R8G8B8,256x256x1.
03:21:00: Texture: Seagull_3.png: Loading 1 faces(PF_A8R8G8B8,256x256x1) with  hardware generated mipmaps from Image. Internal format is PF_A8R8G8B8,256x256x1.
03:21:00: Texture: Seagull_4.png: Loading 1 faces(PF_A8R8G8B8,256x256x1) with  hardware generated mipmaps from Image. Internal format is PF_A8R8G8B8,256x256x1.
03:21:00: Texture: WaterTrail_0.png: Loading 1 faces(PF_R8G8B8,256x128x1) with  hardware generated mipmaps from Image. Internal format is PF_X8R8G8B8,256x128x1.
03:21:00: Texture: WaterTrail_1.png: Loading 1 faces(PF_R8G8B8,256x128x1) with  hardware generated mipmaps from Image. Internal format is PF_X8R8G8B8,256x128x1.
03:21:00: Texture: WaterTrail_2.png: Loading 1 faces(PF_R8G8B8,256x128x1) with  hardware generated mipmaps from Image. Internal format is PF_X8R8G8B8,256x128x1.
03:21:00: Texture: WaterTrail_3.png: Loading 1 faces(PF_R8G8B8,256x128x1) with  hardware generated mipmaps from Image. Internal format is PF_X8R8G8B8,256x128x1.
03:21:00: Texture: WaterTrail_4.png: Loading 1 faces(PF_R8G8B8,256x128x1) with  hardware generated mipmaps from Image. Internal format is PF_X8R8G8B8,256x128x1.
03:21:00: Texture: WaterTrail_5.png: Loading 1 faces(PF_R8G8B8,256x128x1) with  hardware generated mipmaps from Image. Internal format is PF_X8R8G8B8,256x128x1.
03:21:00: Texture: WaterTrail_6.png: Loading 1 faces(PF_R8G8B8,256x128x1) with  hardware generated mipmaps from Image. Internal format is PF_X8R8G8B8,256x128x1.
03:21:00: Texture: WaterTrail_7.png: Loading 1 faces(PF_R8G8B8,256x128x1) with  hardware generated mipmaps from Image. Internal format is PF_X8R8G8B8,256x128x1.
03:21:00: Texture: WaterTrail_8.png: Loading 1 faces(PF_R8G8B8,256x128x1) with  hardware generated mipmaps from Image. Internal format is PF_X8R8G8B8,256x128x1.
03:21:00: Texture: WaterTrail_9.png: Loading 1 faces(PF_R8G8B8,256x128x1) with  hardware generated mipmaps from Image. Internal format is PF_X8R8G8B8,256x128x1.
03:21:00: Texture: WaterTrail_10.png: Loading 1 faces(PF_R8G8B8,256x128x1) with  hardware generated mipmaps from Image. Internal format is PF_X8R8G8B8,256x128x1.
03:21:00: Texture: WaterTrail_11.png: Loading 1 faces(PF_R8G8B8,256x128x1) with  hardware generated mipmaps from Image. Internal format is PF_X8R8G8B8,256x128x1.
03:21:00: Texture: PlaneWaterTrail_0.png: Loading 1 faces(PF_R8G8B8,256x128x1) with  hardware generated mipmaps from Image. Internal format is PF_X8R8G8B8,256x128x1.
03:21:01: Texture: PlaneWaterTrail_1.png: Loading 1 faces(PF_R8G8B8,256x128x1) with  hardware generated mipmaps from Image. Internal format is PF_X8R8G8B8,256x128x1.
03:21:01: Texture: PlaneWaterTrail_2.png: Loading 1 faces(PF_R8G8B8,256x128x1) with  hardware generated mipmaps from Image. Internal format is PF_X8R8G8B8,256x128x1.
03:21:01: Texture: PlaneWaterTrail_3.png: Loading 1 faces(PF_R8G8B8,256x128x1) with  hardware generated mipmaps from Image. Internal format is PF_X8R8G8B8,256x128x1.
03:21:01: Texture: PlaneWaterTrail_4.png: Loading 1 faces(PF_R8G8B8,256x128x1) with  hardware generated mipmaps from Image. Internal format is PF_X8R8G8B8,256x128x1.
03:21:01: Texture: PlaneWaterTrail_5.png: Loading 1 faces(PF_R8G8B8,256x128x1) with  hardware generated mipmaps from Image. Internal format is PF_X8R8G8B8,256x128x1.
03:21:01: Texture: PlaneWaterTrail_6.png: Loading 1 faces(PF_R8G8B8,256x128x1) with  hardware generated mipmaps from Image. Internal format is PF_X8R8G8B8,256x128x1.
03:21:01: Texture: PlaneWaterTrail_7.png: Loading 1 faces(PF_R8G8B8,256x128x1) with  hardware generated mipmaps from Image. Internal format is PF_X8R8G8B8,256x128x1.
03:21:01: Texture: PlaneWaterTrail_8.png: Loading 1 faces(PF_R8G8B8,256x128x1) with  hardware generated mipmaps from Image. Internal format is PF_X8R8G8B8,256x128x1.
03:21:01: Texture: PlaneWaterTrail_9.png: Loading 1 faces(PF_R8G8B8,256x128x1) with  hardware generated mipmaps from Image. Internal format is PF_X8R8G8B8,256x128x1.
03:21:01: Texture: PlaneWaterTrail_10.png: Loading 1 faces(PF_R8G8B8,256x128x1) with  hardware generated mipmaps from Image. Internal format is PF_X8R8G8B8,256x128x1.
03:21:01: Texture: PlaneWaterTrail_11.png: Loading 1 faces(PF_R8G8B8,256x128x1) with  hardware generated mipmaps from Image. Internal format is PF_X8R8G8B8,256x128x1.
03:21:01: Texture: cloud1.png: Loading 1 faces(PF_A8R8G8B8,256x128x1) with  hardware generated mipmaps from Image. Internal format is PF_A8R8G8B8,256x128x1.
03:21:01: Texture: cloud2.png: Loading 1 faces(PF_A8R8G8B8,256x128x1) with  hardware generated mipmaps from Image. Internal format is PF_A8R8G8B8,256x128x1.
03:21:01: Material Ocean2_HLSL_GLSL Technique 1(GLSL) is not supported. Pass 0: Vertex program GLSL/Ocean2VS cannot be used - not supported.

03:21:01: D3D9 : Loading 2D Texture, image name : 'waves2.dds' with 5 mip map levels
03:21:01: Texture: morning.jpg: Loading 6 faces(PF_R8G8B8,512x512x1) with  hardware generated mipmaps from multiple Images. Internal format is PF_X8R8G8B8,512x512x1.
03:21:01: Texture: water.jpg: Loading 1 faces(PF_R8G8B8,512x512x1) with  hardware generated mipmaps from Image. Internal format is PF_X8R8G8B8,512x512x1.
03:21:01: Texture: water_alpha.png: Loading 1 faces(PF_A8R8G8B8,512x512x1) with  hardware generated mipmaps from Image. Internal format is PF_A8R8G8B8,512x512x1.
03:21:01: Texture: water2.jpg: Loading 1 faces(PF_R8G8B8,256x256x1) with  hardware generated mipmaps from Image. Internal format is PF_X8R8G8B8,256x256x1.
03:21:01: Material Ocean2_HLSL_GLSL Technique 1(GLSL) is not supported. Pass 0: Vertex program GLSL/Ocean2VS cannot be used - not supported.

03:21:01: Mesh: Loading P47Body.mesh.
03:21:01: Texture: thColNavy_normal.jpg: Loading 1 faces(PF_R8G8B8,512x512x1) with  hardware generated mipmaps from Image. Internal format is PF_X8R8G8B8,512x512x1.
03:21:01: Texture: thColNavy.jpg: Loading 1 faces(PF_R8G8B8,256x256x1) with  hardware generated mipmaps from Image. Internal format is PF_X8R8G8B8,256x256x1.
03:21:01: Texture: steel.jpg: Loading 1 faces(PF_R8G8B8,256x256x1) with  hardware generated mipmaps from Image. Internal format is PF_X8R8G8B8,256x256x1.
03:21:01: Mesh: Loading P47Blade.mesh.
03:21:01: Mesh: Loading Airscrew.mesh.
03:21:01: Texture: P47-airscrew.png: Loading 1 faces(PF_A8R8G8B8,256x256x1) with  hardware generated mipmaps from Image. Internal format is PF_A8R8G8B8,256x256x1.
03:21:01: Mesh: Loading Wheel.mesh.
03:21:01: OK9
03:21:01: *** Initializing OIS ***
03:21:02: OK10
03:21:02: Texture: trailsmoke.png: Loading 1 faces(PF_A8R8G8B8,128x128x1) with  hardware generated mipmaps from Image. Internal format is PF_A8R8G8B8,128x128x1.
03:21:02: Texture: smoke.png: Loading 1 faces(PF_A8R8G8B8,256x256x1) with  hardware generated mipmaps from Image. Internal format is PF_A8R8G8B8,256x256x1.
03:21:05: Creating viewport on target 'Wings Of Fury 2', rendering from camera 'MainCamera', relative dimensions L: 0.00 T: 0.00 W: 1.00 H: 0.86 ZOrder: 1
03:21:05: Viewport for camera 'MainCamera', actual dimensions L: 0 T: 0 W: 800 H: 516
03:21:05: Creating viewport on target 'Wings Of Fury 2', rendering from camera 'minimapCam', relative dimensions L: 0.00 T: 0.86 W: 1.00 H: 0.14 ZOrder: 0
03:21:05: Viewport for camera 'minimapCam', actual dimensions L: 0 T: 516 W: 800 H: 84
03:21:05: Creating viewport on target 'Wings Of Fury 2', rendering from camera 'overlayCam', relative dimensions L: 0.00 T: 0.00 W: 1.00 H: 1.00 ZOrder: 2
03:21:05: Viewport for camera 'overlayCam', actual dimensions L: 0 T: 0 W: 800 H: 600
03:21:05: Texture: Tutorial2.jpg: Loading 1 faces(PF_R8G8B8,1024x768x1) with 5 generated mipmaps from Image. Internal format is PF_X8R8G8B8,1024x768x1.
